<?xml version="1.0" encoding="UTF-8"?>
<robot generator="Robot 5.0.1 (Python 3.10.6 on win32)" generated="20220829 16:21:41.077" rpa="false" schemaversion="3">
<suite id="s1" name="groupSR4OT1" source="D:\Automation Test\Device Manager - SR4OT1\Tests\groupSR4OT1.robot">
<test id="s1-t1" name="Validate SR4OT1 app as an application to be added by default for SD-SR4CONT groups" line="16">
<kw name="Begin Web Test" library="common" type="SETUP">
<kw name="Open Browser" library="SeleniumLibrary">
<arg>about:blank</arg>
<arg>${BROWSER}[0]</arg>
<arg>${BROWSER}[1]</arg>
<doc>Opens a new browser instance to the optional ``url``.</doc>
<msg timestamp="20220829 16:21:41.246" level="INFO">Opening browser 'Chrome' to base url 'about:blank'.</msg>
<status status="PASS" starttime="20220829 16:21:41.246" endtime="20220829 16:21:42.396"/>
</kw>
<kw name="Maximize Browser Window" library="SeleniumLibrary">
<doc>Maximizes current browser window.</doc>
<status status="PASS" starttime="20220829 16:21:42.396" endtime="20220829 16:21:42.516"/>
</kw>
<status status="PASS" starttime="20220829 16:21:41.245" endtime="20220829 16:21:42.516"/>
</kw>
<kw name="Load" library="common">
<kw name="Go To" library="SeleniumLibrary">
<arg>${URL}</arg>
<doc>Navigates the current browser window to the provided ``url``.</doc>
<msg timestamp="20220829 16:21:42.517" level="INFO">Opening url 'https://devices.test.omnitracsone.com/'</msg>
<status status="PASS" starttime="20220829 16:21:42.517" endtime="20220829 16:21:45.205"/>
</kw>
<kw name="Sleep" library="BuiltIn">
<arg>5S</arg>
<doc>Pauses the test executed for the given time.</doc>
<msg timestamp="20220829 16:21:50.220" level="INFO">Slept 5 seconds</msg>
<status status="PASS" starttime="20220829 16:21:45.205" endtime="20220829 16:21:50.220"/>
</kw>
<status status="PASS" starttime="20220829 16:21:42.517" endtime="20220829 16:21:50.220"/>
</kw>
<kw name="Verify Page Loaded" library="common">
<kw name="Wait Until Page Contains" library="SeleniumLibrary">
<arg>Welcome</arg>
<doc>Waits until ``text`` appears on the current page.</doc>
<status status="PASS" starttime="20220829 16:21:50.221" endtime="20220829 16:21:50.658"/>
</kw>
<status status="PASS" starttime="20220829 16:21:50.221" endtime="20220829 16:21:50.659"/>
</kw>
<kw name="Login" library="guiSR4OT1">
<kw name="Login With Valid Credentials" library="SignIn">
<kw name="Input Text" library="SeleniumLibrary">
<arg>${EMAIL_BAR}</arg>
<arg>${LOGIN_EMAIL}</arg>
<doc>Types the given ``text`` into the text field identified by ``locator``.</doc>
<msg timestamp="20220829 16:21:50.660" level="INFO">Typing text 'adamatspeedy@gmail.com' into text field 'css=body &gt; app-root &gt; app-login-process &gt; div &gt; div &gt; div.col-12.col-sm-12.col-md-12.col-lg-7.left-pan-content &gt; div:nth-child(2) &gt; div &gt; app-provide-user-id &gt; div &gt; div.padding-top-20 &gt; div &gt; form &gt; div.custom-width &gt; div.input-group.mb-3 &gt; input'.</msg>
<status status="PASS" starttime="20220829 16:21:50.659" endtime="20220829 16:21:50.733"/>
</kw>
<kw name="Click Button" library="SeleniumLibrary">
<arg>${NEXT_BUTTON}</arg>
<doc>Clicks the button identified by ``locator``.</doc>
<msg timestamp="20220829 16:21:50.733" level="INFO">Clicking button 'css=body &gt; app-root &gt; app-login-process &gt; div &gt; div &gt; div.col-12.col-sm-12.col-md-12.col-lg-7.left-pan-content &gt; div:nth-child(2) &gt; div &gt; app-provide-user-id &gt; div &gt; div.padding-top-20 &gt; div &gt; form &gt; div.custom-width &gt; div.padding-top-20 &gt; button'.</msg>
<status status="PASS" starttime="20220829 16:21:50.733" endtime="20220829 16:21:50.774"/>
</kw>
<kw name="Wait Until Page Contains" library="SeleniumLibrary">
<arg>Password</arg>
<doc>Waits until ``text`` appears on the current page.</doc>
<status status="PASS" starttime="20220829 16:21:50.774" endtime="20220829 16:21:51.869"/>
</kw>
<kw name="Input Text" library="SeleniumLibrary">
<arg>${PASS_BAR}</arg>
<arg>${LOGIN_PASS}</arg>
<doc>Types the given ``text`` into the text field identified by ``locator``.</doc>
<msg timestamp="20220829 16:21:51.869" level="INFO">Typing text 'Omnitracs17' into text field 'css=body &gt; app-root &gt; app-login-process &gt; div &gt; div &gt; div.col-12.col-sm-12.col-md-12.col-lg-7.left-pan-content &gt; div:nth-child(2) &gt; div &gt; app-provide-password &gt; div &gt; div:nth-child(3) &gt; div &gt; form &gt; div.custom-width &gt; div.input-group.mb-3 &gt; input'.</msg>
<status status="PASS" starttime="20220829 16:21:51.869" endtime="20220829 16:21:51.923"/>
</kw>
<kw name="Click Button" library="SeleniumLibrary">
<arg>${LOGIN_BUTTON}</arg>
<doc>Clicks the button identified by ``locator``.</doc>
<msg timestamp="20220829 16:21:51.924" level="INFO">Clicking button 'css=body &gt; app-root &gt; app-login-process &gt; div &gt; div &gt; div.col-12.col-sm-12.col-md-12.col-lg-7.left-pan-content &gt; div:nth-child(2) &gt; div &gt; app-provide-password &gt; div &gt; div:nth-child(3) &gt; div &gt; form &gt; div.custom-width &gt; div.padding-top-20 &gt; button'.</msg>
<status status="PASS" starttime="20220829 16:21:51.923" endtime="20220829 16:21:51.961"/>
</kw>
<kw name="Sleep" library="BuiltIn">
<arg>10S</arg>
<doc>Pauses the test executed for the given time.</doc>
<msg timestamp="20220829 16:22:01.971" level="INFO">Slept 10 seconds</msg>
<status status="PASS" starttime="20220829 16:21:51.961" endtime="20220829 16:22:01.971"/>
</kw>
<kw name="Wait Until Page Contains" library="SeleniumLibrary">
<arg>Dashboard</arg>
<doc>Waits until ``text`` appears on the current page.</doc>
<status status="PASS" starttime="20220829 16:22:01.971" endtime="20220829 16:22:01.980"/>
</kw>
<status status="PASS" starttime="20220829 16:21:50.659" endtime="20220829 16:22:01.980"/>
</kw>
<status status="PASS" starttime="20220829 16:21:50.659" endtime="20220829 16:22:01.980"/>
</kw>
<kw name="Add Group" library="guiSR4OT1">
<kw name="Select Groups Page" library="changeGroups">
<kw name="Go To" library="SeleniumLibrary">
<arg>${GROUPS_LINK}</arg>
<doc>Navigates the current browser window to the provided ``url``.</doc>
<msg timestamp="20220829 16:22:01.981" level="INFO">Opening url 'https://devices.test.omnitracsone.com/#/groups'</msg>
<status status="PASS" starttime="20220829 16:22:01.981" endtime="20220829 16:22:02.042"/>
</kw>
<kw name="Wait Until Page Contains" library="SeleniumLibrary">
<arg>Device Groups</arg>
<doc>Waits until ``text`` appears on the current page.</doc>
<status status="PASS" starttime="20220829 16:22:02.042" endtime="20220829 16:22:02.054"/>
</kw>
<status status="PASS" starttime="20220829 16:22:01.981" endtime="20220829 16:22:02.055"/>
</kw>
<kw name="Add New Group" library="changeGroups">
<kw name="Click Button" library="SeleniumLibrary">
<arg>${VERTICAL_DOTS_BUTTON}</arg>
<doc>Clicks the button identified by ``locator``.</doc>
<msg timestamp="20220829 16:22:02.055" level="INFO">Clicking button 'css=body &gt; device-manager &gt; div.page-content &gt; app-group-list &gt; div &gt; div.header-content &gt; div:nth-child(2) &gt; button'.</msg>
<status status="PASS" starttime="20220829 16:22:02.055" endtime="20220829 16:22:02.101"/>
</kw>
<kw name="Sleep" library="BuiltIn">
<arg>1S</arg>
<doc>Pauses the test executed for the given time.</doc>
<msg timestamp="20220829 16:22:03.107" level="INFO">Slept 1 second</msg>
<status status="PASS" starttime="20220829 16:22:02.101" endtime="20220829 16:22:03.107"/>
</kw>
<kw name="Click Button" library="SeleniumLibrary">
<arg>${ADD_GROUP_BUTTON}</arg>
<doc>Clicks the button identified by ``locator``.</doc>
<msg timestamp="20220829 16:22:03.107" level="INFO">Clicking button 'xpath=//button[@role="menuitem"]'.</msg>
<status status="PASS" starttime="20220829 16:22:03.107" endtime="20220829 16:22:03.159"/>
</kw>
<kw name="Wait Until Page Contains" library="SeleniumLibrary">
<arg>Group Info</arg>
<doc>Waits until ``text`` appears on the current page.</doc>
<status status="PASS" starttime="20220829 16:22:03.159" endtime="20220829 16:22:03.600"/>
</kw>
<status status="PASS" starttime="20220829 16:22:02.055" endtime="20220829 16:22:03.600"/>
</kw>
<kw name="Select Items" library="changeGroups">
<kw name="Input Text" library="SeleniumLibrary">
<arg>${NAME_TEXBOX}</arg>
<arg>${NAME_GROUP}</arg>
<doc>Types the given ``text`` into the text field identified by ``locator``.</doc>
<msg timestamp="20220829 16:22:03.601" level="INFO">Typing text 'Test4por _Delete' into text field 'xpath=//input[@name="name"]'.</msg>
<status status="PASS" starttime="20220829 16:22:03.601" endtime="20220829 16:22:03.674"/>
</kw>
<kw name="Select From List By Label" library="SeleniumLibrary">
<arg>groupType</arg>
<arg>SD-SR4CONT</arg>
<doc>Selects options from selection list ``locator`` by ``labels``.</doc>
<msg timestamp="20220829 16:22:03.674" level="INFO">Selecting options from selection list 'groupType' by label SD-SR4CONT.</msg>
<msg timestamp="20220829 16:22:03.868" level="INFO" html="true">&lt;/td&gt;&lt;/tr&gt;&lt;tr&gt;&lt;td colspan="3"&gt;&lt;a href="selenium-screenshot-63.png"&gt;&lt;img src="selenium-screenshot-63.png" width="800px"&gt;&lt;/a&gt;</msg>
<msg timestamp="20220829 16:22:03.868" level="FAIL">List with locator 'groupType' not found.</msg>
<status status="FAIL" starttime="20220829 16:22:03.674" endtime="20220829 16:22:03.870"/>
</kw>
<kw name="Execute Manual Step" library="Dialogs">
<arg>Do something manually!</arg>
<doc>Pauses execution until user sets the keyword status.</doc>
<status status="NOT RUN" starttime="20220829 16:22:03.870" endtime="20220829 16:22:03.870"/>
</kw>
<status status="FAIL" starttime="20220829 16:22:03.600" endtime="20220829 16:22:03.870"/>
</kw>
<kw name="Save Group" library="changeGroups">
<status status="NOT RUN" starttime="20220829 16:22:03.871" endtime="20220829 16:22:03.871"/>
</kw>
<status status="FAIL" starttime="20220829 16:22:01.980" endtime="20220829 16:22:03.871"/>
</kw>
<kw name="End Web Test" library="common" type="TEARDOWN">
<kw name="Close Browser" library="SeleniumLibrary">
<doc>Closes the current browser.</doc>
<status status="PASS" starttime="20220829 16:22:03.872" endtime="20220829 16:22:06.020"/>
</kw>
<status status="PASS" starttime="20220829 16:22:03.872" endtime="20220829 16:22:06.021"/>
</kw>
<status status="FAIL" starttime="20220829 16:21:41.245" endtime="20220829 16:22:06.021">List with locator 'groupType' not found.</status>
</test>
<doc>Validate SR4OT1 app as an application to be added by default for SD-SR4CONT groups, When a group of SD-SR4CONT is added, by default, the SR4OT1 app (SROT) must be added</doc>
<status status="FAIL" starttime="20220829 16:21:41.078" endtime="20220829 16:22:06.023"/>
</suite>
<statistics>
<total>
<stat pass="0" fail="1" skip="0">All Tests</stat>
</total>
<tag>
</tag>
<suite>
<stat pass="0" fail="1" skip="0" id="s1" name="groupSR4OT1">groupSR4OT1</stat>
</suite>
</statistics>
<errors>
</errors>
</robot>
